2026-04-22T00:03:51Z serve start agent=gascity/control-dispatcher city=/Users/caseyboyle/src/SafetyChain/gas-city dir=/Users/caseyboyle/src/gastownhall/gascity
2026-04-22T00:03:52Z serve start agent=control-dispatcher city=/Users/caseyboyle/src/SafetyChain/gas-city dir=/Users/caseyboyle/src/SafetyChain/gas-city
2026-04-22T00:03:59Z serve idle-exit agent=gascity/control-dispatcher
2026-04-22T00:03:59Z serve idle-exit agent=control-dispatcher
2026-04-22T00:04:00Z serve wake-sweep
2026-04-22T00:04:00Z serve wake-sweep
2026-04-22T00:04:05Z serve idle-exit agent=control-dispatcher
2026-04-22T00:04:05Z serve wake-event type=bead.updated subject=hq-pelo
2026-04-22T00:04:05Z serve idle-exit agent=gascity/control-dispatcher
2026-04-22T00:04:05Z serve wake-event type=bead.updated subject=hq-pelo
2026-04-22T00:04:12Z serve idle-exit agent=control-dispatcher
2026-04-22T00:04:12Z serve wake-event type=bead.updated subject=hq-h4pm
2026-04-22T00:04:12Z serve idle-exit agent=gascity/control-dispatcher
2026-04-22T00:04:12Z serve wake-event type=bead.updated subject=hq-h4pm
2026-04-22T00:04:18Z serve idle-exit agent=control-dispatcher
2026-04-22T00:04:18Z serve wake-event type=bead.updated subject=hq-22pd
2026-04-22T00:04:20Z serve idle-exit agent=gascity/control-dispatcher
2026-04-22T00:04:20Z serve wake-event type=bead.updated subject=hq-22pd
2026-04-22T00:04:23Z serve idle-exit agent=control-dispatcher
2026-04-22T00:04:23Z serve wake-event type=bead.created subject=hq-l6g2
2026-04-22T00:04:27Z serve idle-exit agent=gascity/control-dispatcher
2026-04-22T00:04:27Z serve wake-event type=bead.created subject=hq-l6g2
2026-04-22T00:04:30Z serve idle-exit agent=control-dispatcher
2026-04-22T00:04:30Z serve wake-event type=bead.updated subject=hq-l6g2
2026-04-22T00:04:35Z serve idle-exit agent=gascity/control-dispatcher
2026-04-22T00:04:35Z serve wake-event type=bead.updated subject=hq-l6g2
2026-04-22T00:04:35Z serve idle-exit agent=control-dispatcher
2026-04-22T00:04:35Z serve wake-event type=bead.updated subject=hq-l6g2
2026-04-22T00:04:39Z serve idle-exit agent=gascity/control-dispatcher
2026-04-22T00:04:39Z serve wake-event type=bead.updated subject=hq-l6g2
2026-04-22T00:04:43Z serve idle-exit agent=gascity/control-dispatcher
2026-04-22T00:04:43Z serve wake-event type=bead.updated subject=hq-22pd
2026-04-22T00:04:46Z serve idle-exit agent=gascity/control-dispatcher
2026-04-22T00:04:46Z serve wake-event type=bead.updated subject=hq-h4pm
2026-04-22T00:04:50Z serve idle-exit agent=gascity/control-dispatcher
2026-04-22T00:04:50Z serve wake-event type=bead.updated subject=hq-22pd
2026-04-22T00:04:53Z serve idle-exit agent=control-dispatcher
2026-04-22T00:04:53Z serve wake-event type=bead.updated subject=hq-22pd
2026-04-22T00:04:57Z serve idle-exit agent=gascity/control-dispatcher
2026-04-22T00:04:57Z serve wake-event type=bead.updated subject=hq-pelo
2026-04-22T00:05:00Z serve idle-exit agent=control-dispatcher
2026-04-22T00:05:00Z serve wake-event type=bead.updated subject=hq-h4pm
2026-04-22T00:05:05Z serve idle-exit agent=gascity/control-dispatcher
2026-04-22T00:05:05Z serve wake-event type=bead.updated subject=hq-t27e
2026-04-22T00:05:08Z serve idle-exit agent=control-dispatcher
2026-04-22T00:05:08Z serve wake-event type=bead.updated subject=hq-22pd
2026-04-22T00:05:12Z serve idle-exit agent=gascity/control-dispatcher
2026-04-22T00:05:12Z serve wake-event type=bead.created subject=hq-t27e
2026-04-22T00:05:14Z serve idle-exit agent=control-dispatcher
2026-04-22T00:05:14Z serve wake-event type=bead.updated subject=hq-pelo
2026-04-22T00:05:20Z serve idle-exit agent=gascity/control-dispatcher
2026-04-22T00:05:20Z serve wake-event type=bead.updated subject=hq-t27e
2026-04-22T00:05:21Z serve idle-exit agent=control-dispatcher
2026-04-22T00:05:21Z serve wake-event type=bead.updated subject=hq-t27e
2026-04-22T00:05:28Z serve idle-exit agent=gascity/control-dispatcher
2026-04-22T00:05:28Z serve wake-event type=bead.updated subject=hq-t27e
2026-04-22T00:05:29Z serve idle-exit agent=control-dispatcher
2026-04-22T00:05:29Z serve wake-event type=bead.created subject=hq-t27e
2026-04-22T00:05:39Z serve idle-exit agent=control-dispatcher
2026-04-22T00:05:39Z serve wake-event type=bead.updated subject=hq-t27e
2026-04-22T00:05:46Z serve idle-exit agent=gascity/control-dispatcher
2026-04-22T00:05:46Z serve wake-event type=bead.updated subject=hq-88bp
2026-04-22T00:05:47Z serve idle-exit agent=control-dispatcher
2026-04-22T00:05:47Z serve wake-event type=bead.updated subject=hq-t27e
2026-04-22T00:05:54Z serve idle-exit agent=control-dispatcher
2026-04-22T00:05:54Z serve wake-event type=bead.updated subject=hq-88bp
2026-04-22T00:05:54Z serve idle-exit agent=gascity/control-dispatcher
2026-04-22T00:05:54Z serve wake-event type=bead.created subject=hq-88bp
2026-04-22T00:06:01Z serve idle-exit agent=gascity/control-dispatcher
2026-04-22T00:06:01Z serve wake-event type=bead.updated subject=hq-88bp
2026-04-22T00:06:06Z serve idle-exit agent=gascity/control-dispatcher
2026-04-22T00:06:06Z serve wake-event type=bead.closed subject=hq-t27e
2026-04-22T00:06:11Z serve idle-exit agent=gascity/control-dispatcher
2026-04-22T00:06:11Z serve wake-event type=bead.updated subject=hq-l6g2
2026-04-22T00:06:15Z serve idle-exit agent=gascity/control-dispatcher
2026-04-22T00:06:15Z serve wake-event type=bead.updated subject=hq-88bp
2026-04-22T00:06:15Z serve idle-exit agent=control-dispatcher
2026-04-22T00:06:15Z serve wake-event type=bead.created subject=hq-88bp
2026-04-22T00:06:20Z serve idle-exit agent=control-dispatcher
2026-04-22T00:06:20Z serve wake-event type=bead.updated subject=hq-88bp
2026-04-22T00:06:22Z serve idle-exit agent=gascity/control-dispatcher
2026-04-22T00:06:22Z serve wake-event type=bead.created subject=hq-q3it
2026-04-22T00:06:27Z serve idle-exit agent=control-dispatcher
2026-04-22T00:06:27Z serve wake-event type=bead.closed subject=hq-t27e
2026-04-22T00:06:31Z serve idle-exit agent=gascity/control-dispatcher
2026-04-22T00:06:31Z serve wake-event type=bead.updated subject=hq-q3it
2026-04-22T00:06:35Z serve idle-exit agent=control-dispatcher
2026-04-22T00:06:35Z serve wake-event type=bead.updated subject=hq-l6g2
2026-04-22T00:06:37Z serve idle-exit agent=gascity/control-dispatcher
2026-04-22T00:06:37Z serve wake-event type=bead.updated subject=hq-q3it
2026-04-22T00:06:40Z serve idle-exit agent=control-dispatcher
2026-04-22T00:06:40Z serve wake-event type=bead.updated subject=hq-88bp
2026-04-22T00:06:45Z serve idle-exit agent=control-dispatcher
2026-04-22T00:06:45Z serve wake-event type=bead.created subject=hq-q3it
2026-04-22T00:06:48Z serve idle-exit agent=gascity/control-dispatcher
2026-04-22T00:06:48Z serve wake-event type=bead.closed subject=hq-l6g2
2026-04-22T00:06:52Z serve idle-exit agent=control-dispatcher
2026-04-22T00:06:52Z serve wake-event type=bead.updated subject=hq-q3it
2026-04-22T00:06:57Z serve idle-exit agent=gascity/control-dispatcher
2026-04-22T00:06:57Z serve wake-event type=bead.closed subject=hq-88bp
2026-04-22T00:07:01Z serve idle-exit agent=control-dispatcher
2026-04-22T00:07:01Z serve wake-event type=bead.updated subject=hq-q3it
2026-04-22T00:07:06Z serve idle-exit agent=gascity/control-dispatcher
2026-04-22T00:07:06Z serve wake-event type=bead.updated subject=hq-q3it
2026-04-22T00:07:07Z serve idle-exit agent=control-dispatcher
2026-04-22T00:07:07Z serve wake-event type=bead.closed subject=hq-l6g2
2026-04-22T00:07:12Z serve idle-exit agent=control-dispatcher
2026-04-22T00:07:12Z serve wake-event type=bead.closed subject=hq-88bp
2026-04-22T00:07:12Z serve idle-exit agent=gascity/control-dispatcher
2026-04-22T00:07:12Z serve wake-event type=bead.created subject=hq-dr4z
2026-04-22T00:07:17Z serve idle-exit agent=control-dispatcher
2026-04-22T00:07:17Z serve wake-event type=bead.updated subject=hq-q3it
2026-04-22T00:07:18Z serve idle-exit agent=gascity/control-dispatcher
2026-04-22T00:07:18Z serve wake-event type=bead.updated subject=hq-dr4z
2026-04-22T00:07:23Z serve idle-exit agent=gascity/control-dispatcher
2026-04-22T00:07:23Z serve wake-event type=bead.updated subject=hq-dr4z
2026-04-22T00:07:26Z serve idle-exit agent=gascity/control-dispatcher
2026-04-22T00:07:26Z serve wake-event type=bead.closed subject=hq-q3it
2026-04-22T00:07:29Z serve idle-exit agent=gascity/control-dispatcher
2026-04-22T00:07:29Z serve wake-event type=bead.updated subject=hq-dr4z
2026-04-22T00:07:34Z serve idle-exit agent=control-dispatcher
2026-04-22T00:07:34Z serve wake-event type=bead.created subject=hq-dr4z
2026-04-22T00:07:36Z serve idle-exit agent=gascity/control-dispatcher
2026-04-22T00:07:36Z serve wake-event type=bead.closed subject=sc-hcvlfw
2026-04-22T00:07:42Z serve idle-exit agent=control-dispatcher
2026-04-22T00:07:42Z serve wake-event type=bead.updated subject=hq-dr4z
2026-04-22T00:07:43Z serve idle-exit agent=gascity/control-dispatcher
2026-04-22T00:07:43Z serve wake-event type=bead.closed subject=sc-p9eqzx
2026-04-22T00:07:48Z serve idle-exit agent=control-dispatcher
2026-04-22T00:07:48Z serve wake-event type=bead.updated subject=hq-dr4z
2026-04-22T00:07:50Z serve idle-exit agent=gascity/control-dispatcher
2026-04-22T00:07:50Z serve wake-event type=bead.closed subject=sc-37wu67
2026-04-22T00:07:54Z serve idle-exit agent=control-dispatcher
2026-04-22T00:07:54Z serve wake-event type=bead.closed subject=hq-q3it
2026-04-22T00:07:58Z serve idle-exit agent=gascity/control-dispatcher
2026-04-22T00:07:58Z serve wake-event type=bead.closed subject=sc-yih3wz
2026-04-22T00:08:01Z serve idle-exit agent=control-dispatcher
2026-04-22T00:08:01Z serve wake-event type=bead.updated subject=hq-dr4z
2026-04-22T00:08:05Z serve idle-exit agent=gascity/control-dispatcher
2026-04-22T00:08:05Z serve wake-event type=bead.closed subject=sc-wxqt3u
2026-04-22T00:08:07Z serve idle-exit agent=control-dispatcher
2026-04-22T00:08:07Z serve wake-event type=bead.closed subject=sc-hcvlfw
2026-04-22T00:08:12Z serve idle-exit agent=gascity/control-dispatcher
2026-04-22T00:08:12Z serve wake-event type=bead.closed subject=sc-cjk0s3
2026-04-22T00:08:13Z serve idle-exit agent=control-dispatcher
2026-04-22T00:08:13Z serve wake-event type=bead.closed subject=sc-p9eqzx
2026-04-22T00:08:20Z serve idle-exit agent=gascity/control-dispatcher
2026-04-22T00:08:20Z serve wake-event type=bead.closed subject=sc-ookqpg
2026-04-22T00:08:20Z serve idle-exit agent=control-dispatcher
2026-04-22T00:08:20Z serve wake-event type=bead.closed subject=sc-37wu67
2026-04-22T00:08:26Z serve idle-exit agent=control-dispatcher
2026-04-22T00:08:26Z serve wake-event type=bead.closed subject=sc-yih3wz
2026-04-22T00:08:27Z serve idle-exit agent=gascity/control-dispatcher
2026-04-22T00:08:27Z serve wake-event type=bead.closed subject=sc-9aeoek
2026-04-22T00:08:32Z serve idle-exit agent=control-dispatcher
2026-04-22T00:08:32Z serve wake-event type=bead.closed subject=sc-wxqt3u
2026-04-22T00:08:34Z serve idle-exit agent=gascity/control-dispatcher
2026-04-22T00:08:34Z serve wake-event type=bead.closed subject=sc-si2z08
2026-04-22T00:08:36Z serve start agent=enterprise/control-dispatcher city=/Users/caseyboyle/src/SafetyChain/gas-city dir=/Users/caseyboyle/src/SafetyChain/enterprise
2026-04-22T00:08:39Z serve idle-exit agent=gascity/control-dispatcher
2026-04-22T00:08:39Z serve wake-event type=bead.closed subject=sc-w51vx7
2026-04-22T00:08:41Z serve idle-exit agent=enterprise/control-dispatcher
2026-04-22T00:08:41Z serve wake-event type=bead.updated subject=hq-76v6
2026-04-22T00:08:43Z serve idle-exit agent=gascity/control-dispatcher
2026-04-22T00:08:43Z serve wake-event type=bead.closed subject=sc-zceakd
2026-04-22T00:08:43Z serve idle-exit agent=enterprise/control-dispatcher
2026-04-22T00:08:44Z serve wake-sweep
2026-04-22T00:08:46Z serve idle-exit agent=gascity/control-dispatcher
2026-04-22T00:08:46Z serve wake-event type=bead.closed subject=sc-9owycd
2026-04-22T00:08:46Z serve idle-exit agent=enterprise/control-dispatcher
2026-04-22T00:08:47Z serve wake-sweep
2026-04-22T00:08:48Z serve idle-exit agent=control-dispatcher
2026-04-22T00:08:48Z serve wake-event type=bead.closed subject=sc-cjk0s3
2026-04-22T00:08:51Z serve idle-exit agent=gascity/control-dispatcher
2026-04-22T00:08:51Z serve wake-event type=bead.closed subject=sc-ovqzcc
2026-04-22T00:08:53Z serve idle-exit agent=enterprise/control-dispatcher
2026-04-22T00:08:54Z serve wake-sweep
2026-04-22T00:08:54Z serve idle-exit agent=control-dispatcher
2026-04-22T00:08:54Z serve wake-event type=bead.closed subject=sc-ookqpg
2026-04-22T00:08:59Z serve idle-exit agent=gascity/control-dispatcher
2026-04-22T00:08:59Z serve wake-event type=bead.closed subject=sc-9vnl2q
2026-04-22T00:09:01Z serve idle-exit agent=enterprise/control-dispatcher
2026-04-22T00:09:01Z serve wake-event type=bead.closed subject=hq-76v6
2026-04-22T00:09:02Z serve idle-exit agent=control-dispatcher
2026-04-22T00:09:02Z serve wake-event type=bead.closed subject=sc-9aeoek
2026-04-22T00:09:07Z serve idle-exit agent=enterprise/control-dispatcher
2026-04-22T00:09:07Z serve wake-event type=bead.closed subject=hq-j55
2026-04-22T00:09:08Z serve idle-exit agent=gascity/control-dispatcher
2026-04-22T00:09:08Z serve wake-event type=bead.closed subject=sc-wgohrd
2026-04-22T00:09:08Z serve idle-exit agent=control-dispatcher
2026-04-22T00:09:08Z serve wake-event type=bead.closed subject=sc-si2z08
2026-04-22T00:09:13Z serve idle-exit agent=enterprise/control-dispatcher
2026-04-22T00:09:13Z serve wake-event type=bead.closed subject=hq-1xiu
2026-04-22T00:09:16Z serve idle-exit agent=gascity/control-dispatcher
2026-04-22T00:09:16Z serve wake-event type=bead.closed subject=sc-hlbh90
2026-04-22T00:09:18Z serve idle-exit agent=control-dispatcher
2026-04-22T00:09:18Z serve wake-event type=bead.closed subject=sc-w51vx7
2026-04-22T00:09:23Z serve idle-exit agent=gascity/control-dispatcher
2026-04-22T00:09:23Z serve wake-event type=bead.closed subject=sc-icxjpn
2026-04-22T00:09:24Z serve idle-exit agent=control-dispatcher
2026-04-22T00:09:24Z serve wake-event type=bead.closed subject=sc-zceakd
2026-04-22T00:09:29Z serve idle-exit agent=control-dispatcher
2026-04-22T00:09:29Z serve wake-event type=bead.closed subject=sc-9owycd
2026-04-22T00:09:30Z serve idle-exit agent=gascity/control-dispatcher
2026-04-22T00:09:30Z serve wake-event type=bead.closed subject=sc-qr7cmf
2026-04-22T00:09:31Z serve idle-exit agent=enterprise/control-dispatcher
2026-04-22T00:09:31Z serve wake-event type=bead.closed subject=hq-jk5
2026-04-22T00:09:36Z serve idle-exit agent=control-dispatcher
2026-04-22T00:09:36Z serve wake-event type=bead.closed subject=sc-ovqzcc
2026-04-22T00:09:38Z serve idle-exit agent=enterprise/control-dispatcher
2026-04-22T00:09:38Z serve wake-event type=bead.closed subject=hq-68u
2026-04-22T00:09:38Z serve idle-exit agent=gascity/control-dispatcher
2026-04-22T00:09:38Z serve wake-event type=bead.closed subject=sc-o0fzep
2026-04-22T00:09:40Z serve idle-exit agent=control-dispatcher
2026-04-22T00:09:40Z serve wake-event type=bead.closed subject=sc-9vnl2q
2026-04-22T00:09:43Z serve idle-exit agent=enterprise/control-dispatcher
2026-04-22T00:09:43Z serve wake-event type=bead.created subject=hq-2aoh
2026-04-22T00:09:45Z serve idle-exit agent=gascity/control-dispatcher
2026-04-22T00:09:45Z serve wake-event type=bead.closed subject=sc-di2x0w
2026-04-22T00:09:46Z serve idle-exit agent=control-dispatcher
2026-04-22T00:09:46Z serve wake-event type=bead.closed subject=sc-wgohrd
2026-04-22T00:09:48Z serve idle-exit agent=enterprise/control-dispatcher
2026-04-22T00:09:48Z serve wake-event type=bead.updated subject=hq-2aoh
2026-04-22T00:09:51Z serve idle-exit agent=gascity/control-dispatcher
2026-04-22T00:09:51Z serve wake-event type=bead.closed subject=sc-545tbt
2026-04-22T00:09:51Z serve idle-exit agent=enterprise/control-dispatcher
2026-04-22T00:09:51Z serve wake-event type=bead.updated subject=hq-2aoh
2026-04-22T00:09:54Z serve idle-exit agent=enterprise/control-dispatcher
2026-04-22T00:09:54Z serve wake-event type=bead.updated subject=hq-76v6
2026-04-22T00:09:54Z serve idle-exit agent=gascity/control-dispatcher
2026-04-22T00:09:54Z serve wake-event type=bead.closed subject=sc-9qtzqm
2026-04-22T00:09:56Z serve idle-exit agent=enterprise/control-dispatcher
2026-04-22T00:09:56Z serve wake-event type=bead.updated subject=hq-76v6
2026-04-22T00:09:58Z serve idle-exit agent=gascity/control-dispatcher
2026-04-22T00:09:58Z serve wake-event type=bead.closed subject=sc-1q46qd
2026-04-22T00:09:59Z serve idle-exit agent=enterprise/control-dispatcher
2026-04-22T00:09:59Z serve wake-event type=bead.closed subject=hq-2aoh
2026-04-22T00:10:01Z serve idle-exit agent=control-dispatcher
2026-04-22T00:10:01Z serve wake-event type=bead.closed subject=sc-hlbh90
2026-04-22T00:10:02Z serve idle-exit agent=gascity/control-dispatcher
2026-04-22T00:10:02Z serve wake-event type=bead.closed subject=sc-o84ff6
2026-04-22T00:10:03Z serve idle-exit agent=enterprise/control-dispatcher
2026-04-22T00:10:03Z serve wake-event type=bead.created subject=hq-r9ok
2026-04-22T00:10:06Z serve idle-exit agent=control-dispatcher
2026-04-22T00:10:06Z serve wake-event type=bead.closed subject=sc-icxjpn
2026-04-22T00:10:08Z serve idle-exit agent=enterprise/control-dispatcher
2026-04-22T00:10:08Z serve wake-event type=bead.updated subject=hq-r9ok
2026-04-22T00:10:09Z serve idle-exit agent=gascity/control-dispatcher
2026-04-22T00:10:09Z serve wake-event type=bead.closed subject=sc-kglhu0
2026-04-22T00:10:12Z serve idle-exit agent=control-dispatcher
2026-04-22T00:10:12Z serve wake-event type=bead.closed subject=sc-qr7cmf
2026-04-22T00:10:13Z serve idle-exit agent=enterprise/control-dispatcher
2026-04-22T00:10:13Z serve wake-event type=bead.closed subject=hq-2aoh
2026-04-22T00:10:16Z serve idle-exit agent=gascity/control-dispatcher
2026-04-22T00:10:16Z serve wake-event type=bead.closed subject=sc-a5ean4
2026-04-22T00:10:18Z serve idle-exit agent=control-dispatcher
2026-04-22T00:10:18Z serve wake-event type=bead.closed subject=sc-o0fzep
2026-04-22T00:10:19Z serve idle-exit agent=enterprise/control-dispatcher
2026-04-22T00:10:19Z serve wake-event type=bead.updated subject=hq-r9ok
2026-04-22T00:10:23Z serve idle-exit agent=control-dispatcher
2026-04-22T00:10:23Z serve wake-event type=bead.closed subject=sc-di2x0w
2026-04-22T00:10:24Z serve idle-exit agent=enterprise/control-dispatcher
2026-04-22T00:10:24Z serve wake-event type=bead.updated subject=hq-2aoh
2026-04-22T00:10:26Z serve idle-exit agent=gascity/control-dispatcher
2026-04-22T00:10:26Z serve wake-event type=bead.closed subject=sc-2gjm1h
2026-04-22T00:10:28Z serve idle-exit agent=enterprise/control-dispatcher
2026-04-22T00:10:28Z serve wake-event type=bead.closed subject=hq-2aoh
2026-04-22T00:10:29Z serve idle-exit agent=control-dispatcher
2026-04-22T00:10:29Z serve wake-event type=bead.closed subject=sc-545tbt
2026-04-22T00:10:32Z serve idle-exit agent=gascity/control-dispatcher
2026-04-22T00:10:32Z serve wake-event type=bead.closed subject=sc-nxng60
2026-04-22T00:10:33Z serve idle-exit agent=enterprise/control-dispatcher
2026-04-22T00:10:33Z serve wake-event type=bead.closed subject=hq-2aoh
2026-04-22T00:10:33Z serve idle-exit agent=control-dispatcher
2026-04-22T00:10:33Z serve wake-event type=bead.closed subject=sc-9qtzqm
2026-04-22T00:10:39Z serve idle-exit agent=gascity/control-dispatcher
2026-04-22T00:10:39Z serve wake-event type=bead.closed subject=sc-u6vyom
2026-04-22T00:10:41Z serve idle-exit agent=control-dispatcher
2026-04-22T00:10:41Z serve wake-event type=bead.closed subject=sc-1q46qd
2026-04-22T00:10:48Z serve idle-exit agent=control-dispatcher
2026-04-22T00:10:48Z serve wake-event type=bead.closed subject=sc-o84ff6
2026-04-22T00:10:48Z serve idle-exit agent=gascity/control-dispatcher
2026-04-22T00:10:48Z serve wake-event type=bead.closed subject=sc-ruax2o
2026-04-22T00:10:56Z serve idle-exit agent=control-dispatcher
2026-04-22T00:10:56Z serve wake-event type=bead.closed subject=sc-kglhu0
2026-04-22T00:10:57Z serve idle-exit agent=enterprise/control-dispatcher
2026-04-22T00:10:57Z serve wake-event type=bead.updated subject=hq-r9ok
2026-04-22T00:10:57Z serve idle-exit agent=gascity/control-dispatcher
2026-04-22T00:10:57Z serve wake-event type=bead.closed subject=sc-yfozl7
2026-04-22T00:11:04Z serve idle-exit agent=control-dispatcher
2026-04-22T00:11:04Z serve wake-event type=bead.closed subject=sc-a5ean4
2026-04-22T00:11:05Z serve idle-exit agent=enterprise/control-dispatcher
2026-04-22T00:11:05Z serve wake-event type=bead.closed subject=hq-r9ok
2026-04-22T00:11:06Z serve idle-exit agent=gascity/control-dispatcher
2026-04-22T00:11:06Z serve wake-event type=bead.closed subject=sc-ax0a36
2026-04-22T00:11:10Z serve idle-exit agent=enterprise/control-dispatcher
2026-04-22T00:11:10Z serve wake-event type=bead.updated subject=hq-ylfm
2026-04-22T00:11:10Z serve idle-exit agent=control-dispatcher
2026-04-22T00:11:10Z serve wake-event type=bead.closed subject=sc-2gjm1h
2026-04-22T00:11:12Z serve idle-exit agent=gascity/control-dispatcher
2026-04-22T00:11:12Z serve wake-event type=bead.closed subject=sc-w56p77
2026-04-22T00:11:15Z serve idle-exit agent=control-dispatcher
2026-04-22T00:11:15Z serve wake-event type=bead.closed subject=sc-nxng60
2026-04-22T00:11:15Z serve idle-exit agent=enterprise/control-dispatcher
2026-04-22T00:11:15Z serve wake-event type=bead.updated subject=hq-ylfm
2026-04-22T00:11:18Z serve idle-exit agent=gascity/control-dispatcher
2026-04-22T00:11:18Z serve wake-event type=bead.closed subject=sc-t9lvh8
2026-04-22T00:11:20Z serve idle-exit agent=enterprise/control-dispatcher
2026-04-22T00:11:20Z serve wake-event type=bead.created subject=hq-ylfm
2026-04-22T00:11:20Z serve idle-exit agent=control-dispatcher
2026-04-22T00:11:20Z serve wake-event type=bead.closed subject=sc-u6vyom
2026-04-22T00:11:27Z serve idle-exit agent=enterprise/control-dispatcher
2026-04-22T00:11:27Z serve wake-event type=bead.updated subject=sc-jszb2
2026-04-22T00:11:27Z serve idle-exit agent=control-dispatcher
2026-04-22T00:11:27Z serve wake-event type=bead.closed subject=sc-ruax2o
2026-04-22T00:11:33Z serve idle-exit agent=enterprise/control-dispatcher
2026-04-22T00:11:33Z serve wake-event type=bead.created subject=sc-jszb2
2026-04-22T00:11:35Z serve idle-exit agent=control-dispatcher
2026-04-22T00:11:35Z serve wake-event type=bead.closed subject=sc-yfozl7
2026-04-22T00:11:35Z serve idle-exit agent=gascity/control-dispatcher
2026-04-22T00:11:35Z serve wake-event type=bead.closed subject=sc-r3h63g
2026-04-22T00:11:39Z serve idle-exit agent=enterprise/control-dispatcher
2026-04-22T00:11:39Z serve wake-event type=bead.updated subject=hq-ylfm
2026-04-22T00:11:42Z serve idle-exit agent=control-dispatcher
2026-04-22T00:11:42Z serve wake-event type=bead.closed subject=sc-ax0a36
2026-04-22T00:11:42Z serve idle-exit agent=gascity/control-dispatcher
2026-04-22T00:11:42Z serve wake-event type=bead.closed subject=sc-sy4t8p
2026-04-22T00:11:44Z serve idle-exit agent=enterprise/control-dispatcher
2026-04-22T00:11:44Z serve wake-event type=bead.updated subject=sc-jszb2
2026-04-22T00:11:46Z serve idle-exit agent=control-dispatcher
2026-04-22T00:11:46Z serve wake-event type=bead.closed subject=sc-w56p77
2026-04-22T00:11:49Z serve idle-exit agent=gascity/control-dispatcher
2026-04-22T00:11:49Z serve wake-event type=bead.closed subject=sc-2qjgl6
2026-04-22T00:11:49Z serve idle-exit agent=enterprise/control-dispatcher
2026-04-22T00:11:49Z serve wake-event type=bead.closed subject=hq-ylfm
2026-04-22T00:11:51Z serve idle-exit agent=control-dispatcher
2026-04-22T00:11:51Z serve wake-event type=bead.closed subject=sc-t9lvh8
2026-04-22T00:11:54Z serve idle-exit agent=enterprise/control-dispatcher
2026-04-22T00:11:54Z serve wake-event type=bead.closed subject=hq-ylfm
2026-04-22T00:11:54Z serve idle-exit agent=gascity/control-dispatcher
2026-04-22T00:11:54Z serve wake-event type=bead.closed subject=sc-um4gvb
2026-04-22T00:11:57Z serve idle-exit agent=enterprise/control-dispatcher
2026-04-22T00:11:57Z serve wake-event type=bead.closed subject=sc-jszb2
2026-04-22T00:11:58Z serve idle-exit agent=gascity/control-dispatcher
2026-04-22T00:11:58Z serve wake-event type=bead.closed subject=sc-47io5k
2026-04-22T00:12:00Z serve idle-exit agent=enterprise/control-dispatcher
2026-04-22T00:12:00Z serve wake-event type=bead.closed subject=hq-r9ok
2026-04-22T00:12:02Z serve idle-exit agent=gascity/control-dispatcher
2026-04-22T00:12:02Z serve wake-event type=bead.closed subject=sc-9r7b2j
2026-04-22T00:12:02Z serve idle-exit agent=enterprise/control-dispatcher
2026-04-22T00:12:02Z serve wake-event type=bead.updated subject=sc-jszb2
2026-04-22T00:12:04Z serve idle-exit agent=enterprise/control-dispatcher
2026-04-22T00:12:04Z serve wake-event type=bead.closed subject=hq-r9ok
2026-04-22T00:12:05Z serve idle-exit agent=gascity/control-dispatcher
2026-04-22T00:12:05Z serve wake-event type=bead.closed subject=sc-goc410
2026-04-22T00:12:09Z serve idle-exit agent=enterprise/control-dispatcher
2026-04-22T00:12:09Z serve wake-event type=bead.closed subject=hq-2aoh
2026-04-22T00:12:09Z serve idle-exit agent=control-dispatcher
2026-04-22T00:12:09Z serve wake-event type=bead.closed subject=sc-r3h63g
2026-04-22T00:12:12Z serve idle-exit agent=gascity/control-dispatcher
2026-04-22T00:12:12Z serve wake-event type=bead.closed subject=sc-2xw1ke
2026-04-22T00:12:15Z serve idle-exit agent=enterprise/control-dispatcher
2026-04-22T00:12:15Z serve wake-event type=bead.closed subject=hq-ylfm
2026-04-22T00:12:16Z serve idle-exit agent=control-dispatcher
2026-04-22T00:12:16Z serve wake-event type=bead.closed subject=sc-sy4t8p
2026-04-22T00:12:20Z serve idle-exit agent=gascity/control-dispatcher
2026-04-22T00:12:20Z serve wake-event type=bead.closed subject=sc-c96zkz
2026-04-22T00:12:21Z serve idle-exit agent=enterprise/control-dispatcher
2026-04-22T00:12:21Z serve wake-event type=bead.created subject=sc-jszb2
2026-04-22T00:12:22Z serve idle-exit agent=control-dispatcher
2026-04-22T00:12:22Z serve wake-event type=bead.closed subject=sc-2qjgl6
2026-04-22T00:12:26Z serve idle-exit agent=gascity/control-dispatcher
2026-04-22T00:12:26Z serve wake-event type=bead.closed subject=sc-e6xydr
2026-04-22T00:12:27Z serve idle-exit agent=enterprise/control-dispatcher
2026-04-22T00:12:27Z serve wake-event type=bead.created subject=sc-jszb2
2026-04-22T00:12:28Z serve idle-exit agent=control-dispatcher
2026-04-22T00:12:28Z serve wake-event type=bead.closed subject=sc-um4gvb
2026-04-22T00:12:32Z serve idle-exit agent=enterprise/control-dispatcher
2026-04-22T00:12:32Z serve wake-event type=bead.created subject=sc-jszb2
2026-04-22T00:12:32Z serve idle-exit agent=gascity/control-dispatcher
2026-04-22T00:12:32Z serve wake-event type=bead.closed subject=sc-tukcc5
2026-04-22T00:12:33Z serve idle-exit agent=control-dispatcher
2026-04-22T00:12:33Z serve wake-event type=bead.closed subject=sc-47io5k
2026-04-22T00:12:38Z serve idle-exit agent=enterprise/control-dispatcher
2026-04-22T00:12:38Z serve wake-event type=bead.created subject=sc-jszb2
2026-04-22T00:12:39Z serve idle-exit agent=gascity/control-dispatcher
2026-04-22T00:12:39Z serve wake-event type=bead.closed subject=sc-t68n13
2026-04-22T00:12:40Z serve idle-exit agent=control-dispatcher
2026-04-22T00:12:40Z serve wake-event type=bead.closed subject=sc-9r7b2j
2026-04-22T00:12:44Z serve idle-exit agent=enterprise/control-dispatcher
2026-04-22T00:12:44Z serve ignore-event type=order.fired subject=gate-sweep:rig:enterprise
2026-04-22T00:12:44Z serve ignore-event type=order.completed subject=gate-sweep:rig:enterprise
2026-04-22T00:12:44Z serve wake-event type=bead.updated subject=sc-jszb2
2026-04-22T00:12:46Z serve idle-exit agent=gascity/control-dispatcher
2026-04-22T00:12:46Z serve wake-event type=bead.closed subject=sc-4qfkdi
2026-04-22T00:12:46Z serve idle-exit agent=control-dispatcher
2026-04-22T00:12:46Z serve wake-event type=bead.closed subject=sc-goc410
2026-04-22T00:12:51Z serve idle-exit agent=enterprise/control-dispatcher
2026-04-22T00:12:51Z serve wake-event type=bead.closed subject=sc-jszb2
2026-04-22T00:12:54Z serve idle-exit agent=control-dispatcher
2026-04-22T00:12:54Z serve wake-event type=bead.closed subject=sc-2xw1ke
2026-04-22T00:12:55Z serve idle-exit agent=gascity/control-dispatcher
2026-04-22T00:12:55Z serve wake-event type=bead.closed subject=sc-nzfac7
2026-04-22T00:12:58Z serve idle-exit agent=enterprise/control-dispatcher
2026-04-22T00:12:58Z serve wake-event type=bead.created subject=sc-hv4xy
2026-04-22T00:12:59Z serve idle-exit agent=control-dispatcher
2026-04-22T00:12:59Z serve wake-event type=bead.closed subject=sc-c96zkz
2026-04-22T00:13:01Z serve idle-exit agent=gascity/control-dispatcher
2026-04-22T00:13:01Z serve wake-event type=bead.closed subject=sc-2ye3dn
2026-04-22T00:13:02Z serve idle-exit agent=enterprise/control-dispatcher
2026-04-22T00:13:02Z serve wake-event type=bead.updated subject=sc-hv4xy
2026-04-22T00:13:04Z serve idle-exit agent=control-dispatcher
2026-04-22T00:13:04Z serve wake-event type=bead.closed subject=sc-e6xydr
2026-04-22T00:13:07Z serve idle-exit agent=gascity/control-dispatcher
2026-04-22T00:13:07Z serve wake-event type=bead.closed subject=sc-7wir1g
2026-04-22T00:13:07Z serve idle-exit agent=enterprise/control-dispatcher
2026-04-22T00:13:07Z serve wake-event type=bead.updated subject=sc-hv4xy
2026-04-22T00:13:09Z serve idle-exit agent=control-dispatcher
2026-04-22T00:13:09Z serve wake-event type=bead.closed subject=sc-tukcc5
2026-04-22T00:13:12Z serve idle-exit agent=enterprise/control-dispatcher
2026-04-22T00:13:12Z serve wake-event type=bead.updated subject=sc-hv4xy
2026-04-22T00:13:13Z serve idle-exit agent=gascity/control-dispatcher
2026-04-22T00:13:13Z serve wake-event type=bead.closed subject=sc-t6gdru
2026-04-22T00:13:16Z serve idle-exit agent=enterprise/control-dispatcher
2026-04-22T00:13:16Z serve wake-event type=bead.closed subject=sc-hv4xy
2026-04-22T00:13:17Z serve idle-exit agent=gascity/control-dispatcher
2026-04-22T00:13:17Z serve wake-event type=bead.closed subject=sc-umid5d
2026-04-22T00:13:18Z serve idle-exit agent=enterprise/control-dispatcher
2026-04-22T00:13:18Z serve wake-event type=bead.closed subject=sc-jszb2
2026-04-22T00:13:20Z serve idle-exit agent=gascity/control-dispatcher
2026-04-22T00:13:20Z serve wake-event type=bead.closed subject=sc-4s3ubn
2026-04-22T00:13:20Z serve idle-exit agent=enterprise/control-dispatcher
2026-04-22T00:13:20Z serve wake-event type=bead.closed subject=sc-hv4xy
2026-04-22T00:13:23Z serve idle-exit agent=gascity/control-dispatcher
2026-04-22T00:13:23Z serve wake-event type=bead.closed subject=sc-jnbadb
2026-04-22T00:13:23Z serve idle-exit agent=enterprise/control-dispatcher
2026-04-22T00:13:23Z serve wake-event type=bead.created subject=gc-u61d
2026-04-22T00:13:27Z serve idle-exit agent=control-dispatcher
2026-04-22T00:13:27Z serve wake-event type=bead.closed subject=sc-t68n13
2026-04-22T00:13:28Z serve idle-exit agent=enterprise/control-dispatcher
2026-04-22T00:13:28Z serve wake-event type=bead.updated subject=gc-u61d
2026-04-22T00:13:30Z serve idle-exit agent=gascity/control-dispatcher
2026-04-22T00:13:30Z serve wake-event type=bead.closed subject=sc-o8owxo
2026-04-22T00:13:34Z serve idle-exit agent=enterprise/control-dispatcher
2026-04-22T00:13:34Z serve wake-event type=bead.updated subject=gc-u61d
2026-04-22T00:13:34Z serve idle-exit agent=control-dispatcher
2026-04-22T00:13:34Z serve wake-event type=bead.closed subject=sc-4qfkdi
2026-04-22T00:13:38Z serve idle-exit agent=gascity/control-dispatcher
2026-04-22T00:13:38Z serve wake-event type=bead.closed subject=sc-ldnjeu
2026-04-22T00:13:40Z serve idle-exit agent=enterprise/control-dispatcher
2026-04-22T00:13:40Z serve wake-event type=bead.closed subject=sc-jszb2
2026-04-22T00:13:41Z serve idle-exit agent=control-dispatcher
2026-04-22T00:13:41Z serve wake-event type=bead.closed subject=sc-nzfac7
2026-04-22T00:13:45Z serve idle-exit agent=enterprise/control-dispatcher
2026-04-22T00:13:45Z serve wake-event type=bead.closed subject=sc-jszb2
2026-04-22T00:13:45Z serve idle-exit agent=gascity/control-dispatcher
2026-04-22T00:13:45Z serve wake-event type=bead.closed subject=sc-8tu8nr
2026-04-22T00:13:48Z serve idle-exit agent=control-dispatcher
2026-04-22T00:13:48Z serve wake-event type=bead.closed subject=sc-2ye3dn
2026-04-22T00:13:52Z serve idle-exit agent=enterprise/control-dispatcher
2026-04-22T00:13:52Z serve ignore-event type=order.completed subject=gate-sweep:rig:gascity
2026-04-22T00:13:52Z serve wake-event type=bead.created subject=gc-u61d
2026-04-22T00:13:53Z serve idle-exit agent=gascity/control-dispatcher
2026-04-22T00:13:53Z serve wake-event type=bead.closed subject=sc-igqa5r
2026-04-22T00:13:54Z serve idle-exit agent=control-dispatcher
2026-04-22T00:13:54Z serve wake-event type=bead.closed subject=sc-7wir1g
2026-04-22T00:13:58Z serve idle-exit agent=enterprise/control-dispatcher
2026-04-22T00:13:58Z serve wake-event type=bead.updated subject=gc-u61d
2026-04-22T00:14:01Z serve idle-exit agent=control-dispatcher
2026-04-22T00:14:01Z serve wake-event type=bead.closed subject=sc-t6gdru
2026-04-22T00:14:01Z serve idle-exit agent=gascity/control-dispatcher
2026-04-22T00:14:01Z serve wake-event type=bead.closed subject=sc-5mncez
2026-04-22T00:14:08Z serve idle-exit agent=control-dispatcher
2026-04-22T00:14:08Z serve wake-event type=bead.closed subject=sc-umid5d
2026-04-22T00:14:09Z serve idle-exit agent=gascity/control-dispatcher
2026-04-22T00:14:09Z serve wake-event type=bead.closed subject=sc-n8koz6
2026-04-22T00:14:15Z serve idle-exit agent=control-dispatcher
2026-04-22T00:14:15Z serve wake-event type=bead.closed subject=sc-4s3ubn
2026-04-22T00:14:17Z serve idle-exit agent=gascity/control-dispatcher
2026-04-22T00:14:17Z serve wake-event type=bead.closed subject=sc-ocmuqq
2026-04-22T00:14:18Z serve idle-exit agent=enterprise/control-dispatcher
2026-04-22T00:14:18Z serve wake-event type=bead.closed subject=gc-u61d
2026-04-22T00:14:22Z serve idle-exit agent=control-dispatcher
2026-04-22T00:14:22Z serve wake-event type=bead.closed subject=sc-jnbadb
2026-04-22T00:14:23Z serve idle-exit agent=gascity/control-dispatcher
2026-04-22T00:14:23Z serve wake-event type=bead.closed subject=sc-kd002s
2026-04-22T00:14:24Z serve idle-exit agent=enterprise/control-dispatcher
2026-04-22T00:14:24Z serve wake-event type=bead.closed subject=gc-u61d
2026-04-22T00:14:29Z serve idle-exit agent=enterprise/control-dispatcher
2026-04-22T00:14:29Z serve wake-event type=bead.closed subject=sc-hv4xy
2026-04-22T00:14:29Z serve idle-exit agent=gascity/control-dispatcher
2026-04-22T00:14:29Z serve wake-event type=bead.closed subject=sc-5hl1gm
2026-04-22T00:14:31Z serve idle-exit agent=enterprise/control-dispatcher
2026-04-22T00:14:31Z serve wake-event type=bead.closed subject=gc-u61d
2026-04-22T00:14:32Z serve idle-exit agent=gascity/control-dispatcher
2026-04-22T00:14:32Z serve wake-event type=bead.closed subject=sc-z1tsb7
2026-04-22T00:14:34Z serve idle-exit agent=enterprise/control-dispatcher
2026-04-22T00:14:34Z serve wake-event type=bead.closed subject=gc-u61d
2026-04-22T00:14:36Z serve idle-exit agent=gascity/control-dispatcher
2026-04-22T00:14:36Z serve wake-event type=bead.closed subject=sc-mo99qg
2026-04-22T00:14:36Z serve idle-exit agent=enterprise/control-dispatcher
2026-04-22T00:14:36Z serve wake-event type=bead.closed subject=gc-u61d
2026-04-22T00:14:40Z serve idle-exit agent=control-dispatcher
2026-04-22T00:14:40Z serve wake-event type=bead.closed subject=sc-o8owxo
2026-04-22T00:14:41Z serve idle-exit agent=enterprise/control-dispatcher
2026-04-22T00:14:41Z serve wake-event type=bead.created subject=hq-7k4g
2026-04-22T00:14:41Z serve idle-exit agent=gascity/control-dispatcher
2026-04-22T00:14:41Z serve wake-event type=bead.closed subject=sc-l9sk04
2026-04-22T00:14:46Z serve idle-exit agent=enterprise/control-dispatcher
2026-04-22T00:14:46Z serve wake-event type=bead.updated subject=hq-7k4g
2026-04-22T00:14:46Z serve idle-exit agent=control-dispatcher
2026-04-22T00:14:46Z serve wake-event type=bead.closed subject=sc-ldnjeu
2026-04-22T00:14:49Z serve idle-exit agent=gascity/control-dispatcher
2026-04-22T00:14:49Z serve wake-event type=bead.closed subject=sc-f91dti
2026-04-22T00:14:53Z serve idle-exit agent=enterprise/control-dispatcher
2026-04-22T00:14:53Z serve wake-event type=bead.updated subject=hq-7k4g
2026-04-22T00:14:54Z serve idle-exit agent=control-dispatcher
2026-04-22T00:14:54Z serve wake-event type=bead.closed subject=sc-8tu8nr
2026-04-22T00:15:00Z serve idle-exit agent=enterprise/control-dispatcher
2026-04-22T00:15:00Z serve wake-event type=bead.updated subject=hq-pelo
2026-04-22T00:15:01Z serve idle-exit agent=control-dispatcher
2026-04-22T00:15:01Z serve wake-event type=bead.closed subject=sc-igqa5r
2026-04-22T00:15:02Z serve idle-exit agent=gascity/control-dispatcher
2026-04-22T00:15:02Z serve wake-event type=bead.closed subject=sc-8jd0zv
2026-04-22T00:15:06Z serve idle-exit agent=enterprise/control-dispatcher
2026-04-22T00:15:06Z serve wake-event type=bead.updated subject=hq-7k4g
2026-04-22T00:15:07Z serve idle-exit agent=control-dispatcher
2026-04-22T00:15:07Z serve wake-event type=bead.closed subject=sc-5mncez
2026-04-22T00:15:10Z serve idle-exit agent=gascity/control-dispatcher
2026-04-22T00:15:10Z serve wake-event type=bead.closed subject=sc-ahl2ho
2026-04-22T00:15:11Z serve idle-exit agent=enterprise/control-dispatcher
2026-04-22T00:15:11Z serve wake-event type=bead.closed subject=hq-7k4g
2026-04-22T00:15:13Z serve idle-exit agent=control-dispatcher
2026-04-22T00:15:13Z serve wake-event type=bead.closed subject=sc-n8koz6
2026-04-22T00:15:17Z serve idle-exit agent=gascity/control-dispatcher
2026-04-22T00:15:17Z serve wake-event type=bead.closed subject=sc-uan43t
2026-04-22T00:15:17Z serve idle-exit agent=enterprise/control-dispatcher
2026-04-22T00:15:17Z serve wake-event type=bead.closed subject=hq-pelo
2026-04-22T00:15:19Z serve idle-exit agent=control-dispatcher
2026-04-22T00:15:19Z serve wake-event type=bead.closed subject=sc-ocmuqq
2026-04-22T00:15:24Z serve idle-exit agent=gascity/control-dispatcher
2026-04-22T00:15:24Z serve wake-event type=bead.closed subject=sc-060nbr
2026-04-22T00:15:25Z serve idle-exit agent=control-dispatcher
2026-04-22T00:15:25Z serve wake-event type=bead.closed subject=sc-kd002s
2026-04-22T00:15:33Z serve idle-exit agent=gascity/control-dispatcher
2026-04-22T00:15:33Z serve wake-event type=bead.closed subject=sc-gmtcbj
2026-04-22T00:15:34Z serve idle-exit agent=control-dispatcher
2026-04-22T00:15:34Z serve wake-event type=bead.closed subject=sc-5hl1gm
2026-04-22T00:15:39Z serve idle-exit agent=enterprise/control-dispatcher
2026-04-22T00:15:39Z serve wake-event type=bead.created subject=hq-7k4g
2026-04-22T00:15:44Z serve idle-exit agent=gascity/control-dispatcher
2026-04-22T00:15:44Z serve wake-event type=bead.closed subject=sc-hpvam5
2026-04-22T00:15:45Z serve idle-exit agent=enterprise/control-dispatcher
2026-04-22T00:15:45Z serve wake-event type=bead.updated subject=hq-pelo
2026-04-22T00:15:49Z serve idle-exit agent=enterprise/control-dispatcher
2026-04-22T00:15:49Z serve wake-event type=bead.created subject=hq-7k4g
2026-04-22T00:15:49Z serve idle-exit agent=gascity/control-dispatcher
2026-04-22T00:15:49Z serve wake-event type=bead.closed subject=sc-5m4cuh
2026-04-22T00:15:53Z serve idle-exit agent=enterprise/control-dispatcher
2026-04-22T00:15:53Z serve wake-event type=bead.created subject=hq-5zf6
2026-04-22T00:15:54Z serve idle-exit agent=gascity/control-dispatcher
2026-04-22T00:15:54Z serve wake-event type=bead.closed subject=sc-2xbx0k
2026-04-22T00:15:56Z serve idle-exit agent=enterprise/control-dispatcher
2026-04-22T00:15:56Z serve wake-event type=bead.updated subject=hq-5zf6
2026-04-22T00:15:57Z serve idle-exit agent=gascity/control-dispatcher
2026-04-22T00:15:57Z serve wake-event type=bead.closed subject=sc-qd8omi
2026-04-22T00:15:58Z serve idle-exit agent=enterprise/control-dispatcher
2026-04-22T00:15:58Z serve wake-event type=bead.updated subject=hq-5zf6
2026-04-22T00:16:01Z serve idle-exit agent=enterprise/control-dispatcher
2026-04-22T00:16:01Z serve wake-event type=bead.updated subject=hq-5zf6
2026-04-22T00:16:02Z serve idle-exit agent=control-dispatcher
2026-04-22T00:16:02Z serve wake-event type=bead.closed subject=sc-z1tsb7
2026-04-22T00:16:02Z serve idle-exit agent=gascity/control-dispatcher
2026-04-22T00:16:02Z serve wake-event type=bead.closed subject=sc-70edfd
2026-04-22T00:16:06Z serve idle-exit agent=enterprise/control-dispatcher
2026-04-22T00:16:06Z serve wake-event type=bead.updated subject=hq-h4pm
2026-04-22T00:16:07Z serve idle-exit agent=control-dispatcher
2026-04-22T00:16:07Z serve wake-event type=bead.closed subject=sc-mo99qg
2026-04-22T00:16:11Z serve idle-exit agent=enterprise/control-dispatcher
2026-04-22T00:16:11Z serve wake-event type=bead.updated subject=hq-pelo
2026-04-22T00:16:12Z serve idle-exit agent=gascity/control-dispatcher
2026-04-22T00:16:12Z serve wake-event type=bead.closed subject=sc-t048bh
2026-04-22T00:16:13Z serve idle-exit agent=control-dispatcher
2026-04-22T00:16:13Z serve wake-event type=bead.closed subject=sc-l9sk04
2026-04-22T00:16:17Z serve idle-exit agent=enterprise/control-dispatcher
2026-04-22T00:16:17Z serve wake-event type=bead.updated subject=hq-77ta
2026-04-22T00:16:18Z serve idle-exit agent=gascity/control-dispatcher
2026-04-22T00:16:18Z serve wake-event type=bead.closed subject=sc-1ta7cx
2026-04-22T00:16:18Z serve idle-exit agent=control-dispatcher
2026-04-22T00:16:18Z serve wake-event type=bead.closed subject=sc-f91dti
2026-04-22T00:16:21Z serve idle-exit agent=enterprise/control-dispatcher
2026-04-22T00:16:21Z serve wake-event type=bead.updated subject=hq-22pd
2026-04-22T00:16:22Z serve idle-exit agent=control-dispatcher
2026-04-22T00:16:22Z serve wake-event type=bead.closed subject=sc-8jd0zv
2026-04-22T00:16:24Z serve idle-exit agent=gascity/control-dispatcher
2026-04-22T00:16:24Z serve wake-event type=bead.closed subject=sc-p8tr17
2026-04-22T00:16:29Z serve idle-exit agent=enterprise/control-dispatcher
2026-04-22T00:16:29Z serve wake-event type=bead.updated subject=hq-pfq3
2026-04-22T00:16:30Z serve idle-exit agent=control-dispatcher
2026-04-22T00:16:30Z serve wake-event type=bead.closed subject=sc-ahl2ho
2026-04-22T00:16:32Z serve idle-exit agent=gascity/control-dispatcher
2026-04-22T00:16:32Z serve wake-event type=bead.closed subject=sc-10unak
2026-04-22T00:16:34Z serve idle-exit agent=enterprise/control-dispatcher
2026-04-22T00:16:34Z serve wake-event type=bead.updated subject=hq-jk5
2026-04-22T00:16:35Z serve idle-exit agent=control-dispatcher
2026-04-22T00:16:35Z serve wake-event type=bead.closed subject=sc-uan43t
2026-04-22T00:16:39Z serve idle-exit agent=gascity/control-dispatcher
2026-04-22T00:16:39Z serve wake-event type=bead.closed subject=sc-00kdy8
2026-04-22T00:16:39Z serve idle-exit agent=enterprise/control-dispatcher
2026-04-22T00:16:39Z serve wake-event type=bead.updated subject=hq-6am
2026-04-22T00:16:41Z serve idle-exit agent=control-dispatcher
2026-04-22T00:16:41Z serve wake-event type=bead.closed subject=sc-060nbr
2026-04-22T00:16:44Z serve idle-exit agent=enterprise/control-dispatcher
2026-04-22T00:16:44Z serve wake-event type=bead.updated subject=hq-1ae
2026-04-22T00:16:45Z serve idle-exit agent=gascity/control-dispatcher
2026-04-22T00:16:45Z serve wake-event type=bead.closed subject=sc-tcvoc0
2026-04-22T00:16:46Z serve idle-exit agent=control-dispatcher
2026-04-22T00:16:46Z serve wake-event type=bead.closed subject=sc-gmtcbj
2026-04-22T00:16:49Z serve idle-exit agent=enterprise/control-dispatcher
2026-04-22T00:16:49Z serve wake-event type=bead.updated subject=hq-hb9
2026-04-22T00:16:52Z serve idle-exit agent=control-dispatcher
2026-04-22T00:16:52Z serve wake-event type=bead.closed subject=sc-hpvam5
2026-04-22T00:16:52Z serve idle-exit agent=gascity/control-dispatcher
2026-04-22T00:16:52Z serve wake-event type=bead.closed subject=sc-rg3x9h
2026-04-22T00:16:54Z serve idle-exit agent=enterprise/control-dispatcher
2026-04-22T00:16:54Z serve wake-event type=bead.closed subject=hq-h4pm
2026-04-22T00:16:56Z serve idle-exit agent=control-dispatcher
2026-04-22T00:16:56Z serve wake-event type=bead.closed subject=sc-5m4cuh
2026-04-22T00:16:58Z serve idle-exit agent=gascity/control-dispatcher
2026-04-22T00:16:58Z serve wake-event type=bead.closed subject=sc-qc2mp8
2026-04-22T00:17:00Z serve idle-exit agent=enterprise/control-dispatcher
2026-04-22T00:17:00Z serve wake-event type=bead.closed subject=hq-pfq3
2026-04-22T00:17:02Z serve idle-exit agent=control-dispatcher
2026-04-22T00:17:02Z serve wake-event type=bead.closed subject=sc-2xbx0k
2026-04-22T00:17:04Z serve idle-exit agent=gascity/control-dispatcher
2026-04-22T00:17:04Z serve wake-event type=bead.closed subject=sc-5ocym4
2026-04-22T00:17:05Z serve idle-exit agent=enterprise/control-dispatcher
2026-04-22T00:17:05Z serve wake-event type=bead.closed subject=hq-jk5
2026-04-22T00:17:08Z serve idle-exit agent=gascity/control-dispatcher
2026-04-22T00:17:08Z serve wake-event type=bead.closed subject=sc-q500qd
2026-04-22T00:17:08Z serve idle-exit agent=enterprise/control-dispatcher
2026-04-22T00:17:08Z serve wake-event type=bead.updated subject=hq-68u
2026-04-22T00:17:10Z serve idle-exit agent=enterprise/control-dispatcher
2026-04-22T00:17:10Z serve wake-event type=bead.updated subject=hq-s4y6
2026-04-22T00:17:11Z serve idle-exit agent=gascity/control-dispatcher
2026-04-22T00:17:11Z serve wake-event type=bead.closed subject=sc-64axg9
2026-04-22T00:17:13Z serve idle-exit agent=enterprise/control-dispatcher
2026-04-22T00:17:13Z serve wake-event type=bead.closed subject=hq-hb9
2026-04-22T00:17:14Z serve idle-exit agent=gascity/control-dispatcher
2026-04-22T00:17:14Z serve wake-event type=bead.closed subject=sc-lry984
2026-04-22T00:17:16Z serve idle-exit agent=enterprise/control-dispatcher
2026-04-22T00:17:16Z serve wake-event type=bead.closed subject=hq-22pd
2026-04-22T00:17:18Z serve idle-exit agent=control-dispatcher
2026-04-22T00:17:18Z serve wake-event type=bead.closed subject=sc-qd8omi
2026-04-22T00:17:20Z serve idle-exit agent=enterprise/control-dispatcher
2026-04-22T00:17:20Z serve wake-event type=bead.closed subject=hq-5zf6
2026-04-22T00:17:21Z serve idle-exit agent=gascity/control-dispatcher
2026-04-22T00:17:21Z serve wake-event type=bead.closed subject=sc-w5wxmi
2026-04-22T00:17:24Z serve idle-exit agent=control-dispatcher
2026-04-22T00:17:24Z serve wake-event type=bead.closed subject=sc-70edfd
2026-04-22T00:17:26Z serve idle-exit agent=enterprise/control-dispatcher
2026-04-22T00:17:26Z serve wake-event type=bead.closed subject=hq-h4pm
2026-04-22T00:17:28Z serve idle-exit agent=gascity/control-dispatcher
2026-04-22T00:17:28Z serve wake-event type=bead.closed subject=sc-pnhehp
2026-04-22T00:17:30Z serve idle-exit agent=control-dispatcher
2026-04-22T00:17:30Z serve wake-event type=bead.closed subject=sc-t048bh
2026-04-22T00:17:32Z serve idle-exit agent=enterprise/control-dispatcher
2026-04-22T00:17:32Z serve wake-event type=bead.closed subject=hq-pfq3
2026-04-22T00:17:35Z serve idle-exit agent=control-dispatcher
2026-04-22T00:17:35Z serve wake-event type=bead.closed subject=sc-1ta7cx
2026-04-22T00:17:35Z serve idle-exit agent=gascity/control-dispatcher
2026-04-22T00:17:35Z serve wake-event type=bead.closed subject=sc-bs4ys4
2026-04-22T00:17:38Z serve idle-exit agent=enterprise/control-dispatcher
2026-04-22T00:17:38Z serve wake-event type=bead.closed subject=hq-6am
2026-04-22T00:17:42Z serve idle-exit agent=control-dispatcher
2026-04-22T00:17:42Z serve wake-event type=bead.closed subject=sc-p8tr17
2026-04-22T00:17:43Z serve idle-exit agent=gascity/control-dispatcher
2026-04-22T00:17:43Z serve wake-event type=bead.closed subject=sc-4kwcsn
2026-04-22T00:17:43Z serve idle-exit agent=enterprise/control-dispatcher
2026-04-22T00:17:43Z serve wake-event type=bead.closed subject=hq-68u
2026-04-22T00:17:48Z serve idle-exit agent=control-dispatcher
2026-04-22T00:17:48Z serve wake-event type=bead.closed subject=sc-10unak
2026-04-22T00:17:49Z serve idle-exit agent=enterprise/control-dispatcher
2026-04-22T00:17:49Z serve wake-event type=bead.closed subject=hq-s4y6
2026-04-22T00:17:50Z serve idle-exit agent=gascity/control-dispatcher
2026-04-22T00:17:50Z serve wake-event type=bead.closed subject=sc-kyb59c
2026-04-22T00:17:53Z serve idle-exit agent=control-dispatcher
2026-04-22T00:17:53Z serve wake-event type=bead.closed subject=sc-00kdy8
2026-04-22T00:17:54Z serve idle-exit agent=enterprise/control-dispatcher
2026-04-22T00:17:54Z serve wake-event type=bead.closed subject=hq-1ae
2026-04-22T00:17:56Z serve idle-exit agent=gascity/control-dispatcher
2026-04-22T00:17:56Z serve wake-event type=bead.closed subject=sc-aueegg
2026-04-22T00:17:59Z serve idle-exit agent=control-dispatcher
2026-04-22T00:17:59Z serve wake-event type=bead.closed subject=sc-tcvoc0
2026-04-22T00:18:00Z serve idle-exit agent=enterprise/control-dispatcher
2026-04-22T00:18:00Z serve wake-event type=bead.updated subject=hq-j55
2026-04-22T00:18:03Z serve idle-exit agent=gascity/control-dispatcher
2026-04-22T00:18:03Z serve wake-event type=bead.closed subject=sc-cg5l8z
2026-04-22T00:18:05Z serve idle-exit agent=control-dispatcher
2026-04-22T00:18:05Z serve wake-event type=bead.closed subject=sc-rg3x9h
2026-04-22T00:18:05Z serve idle-exit agent=enterprise/control-dispatcher
2026-04-22T00:18:05Z serve wake-event type=bead.created subject=hq-5zf6
2026-04-22T00:18:10Z serve idle-exit agent=gascity/control-dispatcher
2026-04-22T00:18:10Z serve wake-event type=bead.closed subject=sc-biqqhc
2026-04-22T00:18:10Z serve idle-exit agent=control-dispatcher
2026-04-22T00:18:10Z serve wake-event type=bead.closed subject=sc-qc2mp8
2026-04-22T00:18:10Z serve idle-exit agent=enterprise/control-dispatcher
2026-04-22T00:18:10Z serve wake-event type=bead.updated subject=hq-7k4g
2026-04-22T00:18:15Z serve idle-exit agent=control-dispatcher
2026-04-22T00:18:15Z serve wake-event type=bead.closed subject=sc-5ocym4
2026-04-22T00:18:16Z serve idle-exit agent=enterprise/control-dispatcher
2026-04-22T00:18:16Z serve wake-event type=bead.updated subject=hq-7k4g
2026-04-22T00:18:16Z serve idle-exit agent=gascity/control-dispatcher
2026-04-22T00:18:16Z serve wake-event type=bead.closed subject=sc-ou4skq
2026-04-22T00:18:20Z serve idle-exit agent=enterprise/control-dispatcher
2026-04-22T00:18:20Z serve wake-event type=bead.created subject=hq-5zf6
2026-04-22T00:18:21Z serve idle-exit agent=gascity/control-dispatcher
2026-04-22T00:18:21Z serve wake-event type=bead.closed subject=sc-2pfkkv
2026-04-22T00:18:23Z serve idle-exit agent=enterprise/control-dispatcher
2026-04-22T00:18:23Z serve wake-event type=bead.updated subject=hq-7k4g
2026-04-22T00:18:24Z serve idle-exit agent=gascity/control-dispatcher
2026-04-22T00:18:24Z serve wake-event type=bead.closed subject=sc-w2lras
2026-04-22T00:18:25Z serve idle-exit agent=enterprise/control-dispatcher
2026-04-22T00:18:25Z serve wake-event type=bead.updated subject=hq-7k4g
2026-04-22T00:18:27Z serve idle-exit agent=gascity/control-dispatcher
2026-04-22T00:18:27Z serve wake-event type=bead.closed subject=sc-5g6vla
2026-04-22T00:18:27Z serve idle-exit agent=enterprise/control-dispatcher
2026-04-22T00:18:27Z serve wake-event type=bead.created subject=hq-5zf6
2026-04-22T00:18:30Z serve idle-exit agent=enterprise/control-dispatcher
2026-04-22T00:18:30Z serve wake-event type=bead.updated subject=hq-pelo
2026-04-22T00:18:31Z serve idle-exit agent=control-dispatcher
2026-04-22T00:18:31Z serve wake-event type=bead.closed subject=sc-q500qd
2026-04-22T00:18:32Z serve idle-exit agent=gascity/control-dispatcher
2026-04-22T00:18:32Z serve wake-event type=bead.closed subject=sc-1pca4g
2026-04-22T00:18:35Z serve idle-exit agent=enterprise/control-dispatcher
2026-04-22T00:18:35Z serve wake-event type=bead.closed subject=hq-77ta
2026-04-22T00:18:37Z serve idle-exit agent=control-dispatcher
2026-04-22T00:18:37Z serve wake-event type=bead.closed subject=sc-64axg9
2026-04-22T00:18:40Z serve idle-exit agent=gascity/control-dispatcher
2026-04-22T00:18:40Z serve wake-event type=bead.closed subject=sc-flf188
2026-04-22T00:18:42Z serve idle-exit agent=enterprise/control-dispatcher
2026-04-22T00:18:42Z serve wake-event type=bead.closed subject=hq-68u
2026-04-22T00:18:45Z serve idle-exit agent=control-dispatcher
2026-04-22T00:18:45Z serve wake-event type=bead.closed subject=sc-lry984
2026-04-22T00:18:48Z serve idle-exit agent=gascity/control-dispatcher
2026-04-22T00:18:48Z serve wake-event type=bead.closed subject=sc-2kl1ni
2026-04-22T00:18:49Z serve idle-exit agent=enterprise/control-dispatcher
2026-04-22T00:18:49Z serve wake-event type=bead.closed subject=hq-22pd
2026-04-22T00:18:53Z serve idle-exit agent=control-dispatcher
2026-04-22T00:18:53Z serve wake-event type=bead.closed subject=sc-w5wxmi
2026-04-22T00:18:56Z serve idle-exit agent=enterprise/control-dispatcher
2026-04-22T00:18:56Z serve wake-event type=bead.closed subject=hq-s4y6
2026-04-22T00:18:57Z serve idle-exit agent=gascity/control-dispatcher
2026-04-22T00:18:57Z serve wake-event type=bead.closed subject=sc-dtwa4n
2026-04-22T00:19:00Z serve idle-exit agent=control-dispatcher
2026-04-22T00:19:00Z serve wake-event type=bead.closed subject=sc-pnhehp
2026-04-22T00:19:03Z serve idle-exit agent=enterprise/control-dispatcher
2026-04-22T00:19:03Z serve wake-event type=bead.closed subject=hq-j55
2026-04-22T00:19:05Z serve idle-exit agent=gascity/control-dispatcher
2026-04-22T00:19:05Z serve wake-event type=bead.closed subject=sc-gt3v69
2026-04-22T00:19:07Z serve idle-exit agent=control-dispatcher
2026-04-22T00:19:07Z serve wake-event type=bead.closed subject=sc-bs4ys4
2026-04-22T00:19:10Z serve idle-exit agent=enterprise/control-dispatcher
2026-04-22T00:19:10Z serve wake-event type=bead.closed subject=hq-jk5
2026-04-22T00:19:14Z serve idle-exit agent=gascity/control-dispatcher
2026-04-22T00:19:14Z serve wake-event type=bead.closed subject=sc-ei26o9
2026-04-22T00:19:16Z serve idle-exit agent=control-dispatcher
2026-04-22T00:19:16Z serve wake-event type=bead.closed subject=sc-4kwcsn
2026-04-22T00:19:19Z serve idle-exit agent=enterprise/control-dispatcher
2026-04-22T00:19:19Z serve wake-event type=bead.closed subject=hq-6am
2026-04-22T00:19:24Z serve idle-exit agent=gascity/control-dispatcher
2026-04-22T00:19:24Z serve wake-event type=bead.closed subject=sc-ek71xv
2026-04-22T00:19:25Z serve idle-exit agent=control-dispatcher
2026-04-22T00:19:25Z serve wake-event type=bead.closed subject=sc-kyb59c
2026-04-22T00:19:27Z serve idle-exit agent=enterprise/control-dispatcher
2026-04-22T00:19:27Z serve wake-event type=bead.closed subject=hq-hb9
2026-04-22T00:19:34Z serve idle-exit agent=gascity/control-dispatcher
2026-04-22T00:19:34Z serve wake-event type=bead.closed subject=sc-k1f6nl
2026-04-22T00:19:34Z serve idle-exit agent=enterprise/control-dispatcher
2026-04-22T00:19:34Z serve wake-event type=bead.closed subject=hq-pfq3
2026-04-22T00:19:34Z serve idle-exit agent=control-dispatcher
2026-04-22T00:19:34Z serve wake-event type=bead.closed subject=sc-aueegg
2026-04-22T00:19:41Z serve idle-exit agent=enterprise/control-dispatcher
2026-04-22T00:19:41Z serve wake-event type=bead.closed subject=hq-1ae
2026-04-22T00:19:42Z serve idle-exit agent=gascity/control-dispatcher
2026-04-22T00:19:42Z serve wake-event type=bead.closed subject=sc-1668s5
2026-04-22T00:19:44Z serve idle-exit agent=enterprise/control-dispatcher
2026-04-22T00:19:44Z serve wake-event type=bead.closed subject=hq-h4pm
2026-04-22T00:19:45Z serve idle-exit agent=gascity/control-dispatcher
2026-04-22T00:19:45Z serve wake-event type=bead.closed subject=sc-2mjqdo
2026-04-22T00:19:46Z serve idle-exit agent=enterprise/control-dispatcher
2026-04-22T00:19:46Z serve wake-event type=bead.updated subject=hq-pelo
2026-04-22T00:19:49Z serve idle-exit agent=enterprise/control-dispatcher
2026-04-22T00:19:49Z serve wake-event type=bead.updated subject=hq-2g5
2026-04-22T00:19:49Z serve idle-exit agent=gascity/control-dispatcher
2026-04-22T00:19:49Z serve wake-event type=bead.closed subject=sc-tn4ahf
2026-04-22T00:19:51Z serve idle-exit agent=enterprise/control-dispatcher
2026-04-22T00:19:51Z serve wake-event type=bead.updated subject=hq-dkoj
2026-04-22T00:19:53Z serve idle-exit agent=gascity/control-dispatcher
2026-04-22T00:19:53Z serve wake-event type=bead.closed subject=sc-03c40f
2026-04-22T00:19:54Z serve idle-exit agent=enterprise/control-dispatcher
2026-04-22T00:19:54Z serve wake-event type=bead.closed subject=hq-pelo
2026-04-22T00:19:57Z serve idle-exit agent=control-dispatcher
2026-04-22T00:19:57Z serve wake-event type=bead.closed subject=sc-cg5l8z
2026-04-22T00:19:59Z serve idle-exit agent=gascity/control-dispatcher
2026-04-22T00:19:59Z serve wake-event type=bead.closed subject=sc-0pshnp
2026-04-22T00:20:05Z serve idle-exit agent=control-dispatcher
2026-04-22T00:20:05Z serve wake-event type=bead.closed subject=sc-biqqhc
2026-04-22T00:20:08Z serve idle-exit agent=gascity/control-dispatcher
2026-04-22T00:20:08Z serve wake-event type=bead.closed subject=sc-xi7r0r
2026-04-22T00:20:11Z serve idle-exit agent=enterprise/control-dispatcher
2026-04-22T00:20:11Z serve wake-event type=bead.closed subject=hq-2g5
2026-04-22T00:20:14Z serve idle-exit agent=control-dispatcher
2026-04-22T00:20:14Z serve wake-event type=bead.closed subject=sc-ou4skq
2026-04-22T00:20:18Z serve idle-exit agent=gascity/control-dispatcher
2026-04-22T00:20:18Z serve wake-event type=bead.closed subject=sc-0ohz79
2026-04-22T00:20:19Z serve idle-exit agent=enterprise/control-dispatcher
2026-04-22T00:20:19Z serve wake-event type=bead.closed subject=hq-dkoj
2026-04-22T00:20:23Z serve idle-exit agent=control-dispatcher
2026-04-22T00:20:23Z serve wake-event type=bead.closed subject=sc-2pfkkv
2026-04-22T00:20:27Z serve idle-exit agent=enterprise/control-dispatcher
2026-04-22T00:20:27Z serve wake-event type=bead.updated subject=hq-76v6
2026-04-22T00:20:28Z serve idle-exit agent=gascity/control-dispatcher
2026-04-22T00:20:28Z serve wake-event type=bead.closed subject=sc-m3vaof
2026-04-22T00:20:30Z serve idle-exit agent=control-dispatcher
2026-04-22T00:20:30Z serve wake-event type=bead.closed subject=sc-w2lras
2026-04-22T00:20:33Z serve idle-exit agent=enterprise/control-dispatcher
2026-04-22T00:20:33Z serve wake-event type=bead.updated subject=hq-76v6
2026-04-22T00:20:36Z serve idle-exit agent=control-dispatcher
2026-04-22T00:20:36Z serve wake-event type=bead.closed subject=sc-5g6vla
2026-04-22T00:20:39Z serve idle-exit agent=enterprise/control-dispatcher
2026-04-22T00:20:39Z serve wake-event type=bead.closed subject=hq-2g5
2026-04-22T00:20:40Z serve idle-exit agent=gascity/control-dispatcher
2026-04-22T00:20:40Z serve wake-event type=bead.closed subject=sc-h4jeir
2026-04-22T00:20:43Z serve idle-exit agent=control-dispatcher
2026-04-22T00:20:43Z serve wake-event type=bead.closed subject=sc-1pca4g
2026-04-22T00:20:45Z serve idle-exit agent=enterprise/control-dispatcher
2026-04-22T00:20:45Z serve wake-event type=bead.closed subject=hq-j55
2026-04-22T00:20:48Z serve idle-exit agent=gascity/control-dispatcher
2026-04-22T00:20:48Z serve wake-event type=bead.closed subject=sc-y6oc2s
2026-04-22T00:20:49Z serve idle-exit agent=control-dispatcher
2026-04-22T00:20:49Z serve wake-event type=bead.closed subject=sc-flf188
2026-04-22T00:20:51Z serve idle-exit agent=enterprise/control-dispatcher
2026-04-22T00:20:51Z serve wake-event type=bead.closed subject=hq-dkoj
2026-04-22T00:20:55Z serve idle-exit agent=gascity/control-dispatcher
2026-04-22T00:20:55Z serve wake-event type=bead.closed subject=sc-8dlvfl
2026-04-22T00:20:56Z serve idle-exit agent=control-dispatcher
2026-04-22T00:20:56Z serve wake-event type=bead.closed subject=sc-2kl1ni
2026-04-22T00:20:59Z serve idle-exit agent=enterprise/control-dispatcher
2026-04-22T00:20:59Z serve wake-event type=bead.updated subject=hq-1xiu
2026-04-22T00:21:02Z serve idle-exit agent=control-dispatcher
2026-04-22T00:21:02Z serve wake-event type=bead.closed subject=sc-dtwa4n
2026-04-22T00:21:03Z serve idle-exit agent=gascity/control-dispatcher
2026-04-22T00:21:03Z serve wake-event type=bead.closed subject=sc-m0q8di
2026-04-22T00:21:04Z serve idle-exit agent=enterprise/control-dispatcher
2026-04-22T00:21:04Z serve wake-event type=bead.updated subject=hq-76v6
2026-04-22T00:21:08Z serve idle-exit agent=control-dispatcher
2026-04-22T00:21:08Z serve wake-event type=bead.closed subject=sc-gt3v69
2026-04-22T00:21:09Z serve idle-exit agent=gascity/control-dispatcher
2026-04-22T00:21:09Z serve wake-event type=bead.closed subject=sc-7w4tfo
2026-04-22T00:21:09Z serve idle-exit agent=enterprise/control-dispatcher
2026-04-22T00:21:09Z serve wake-event type=bead.updated subject=hq-76v6
2026-04-22T00:21:13Z serve idle-exit agent=control-dispatcher
2026-04-22T00:21:13Z serve wake-event type=bead.closed subject=sc-ei26o9
2026-04-22T00:21:15Z serve idle-exit agent=enterprise/control-dispatcher
2026-04-22T00:21:15Z serve wake-event type=bead.updated subject=hq-pelo
2026-04-22T00:21:16Z serve idle-exit agent=gascity/control-dispatcher
2026-04-22T00:21:16Z serve wake-event type=bead.closed subject=sc-de9d5c
2026-04-22T00:21:20Z serve idle-exit agent=control-dispatcher
2026-04-22T00:21:20Z serve wake-event type=bead.closed subject=sc-ek71xv
2026-04-22T00:21:20Z serve idle-exit agent=enterprise/control-dispatcher
2026-04-22T00:21:20Z serve wake-event type=bead.updated subject=hq-76v6
2026-04-22T00:21:24Z serve idle-exit agent=gascity/control-dispatcher
2026-04-22T00:21:24Z serve wake-event type=bead.closed subject=sc-fpkoyh
2026-04-22T00:21:27Z serve idle-exit agent=control-dispatcher
2026-04-22T00:21:27Z serve wake-event type=bead.closed subject=sc-k1f6nl
2026-04-22T00:21:30Z serve idle-exit agent=gascity/control-dispatcher
2026-04-22T00:21:30Z serve wake-event type=bead.closed subject=sc-3yhmg7
2026-04-22T00:21:32Z serve idle-exit agent=control-dispatcher
2026-04-22T00:21:32Z serve wake-event type=bead.closed subject=sc-1668s5
2026-04-22T00:21:38Z serve idle-exit agent=control-dispatcher
2026-04-22T00:21:38Z serve wake-event type=bead.closed subject=sc-2mjqdo
2026-04-22T00:21:38Z serve idle-exit agent=enterprise/control-dispatcher
2026-04-22T00:21:39Z serve wake-event type=bead.updated subject=hq-pelo
2026-04-22T00:21:41Z serve idle-exit agent=gascity/control-dispatcher
2026-04-22T00:21:41Z serve wake-event type=bead.closed subject=sc-77ohod
2026-04-22T00:21:44Z serve idle-exit agent=control-dispatcher
2026-04-22T00:21:44Z serve wake-event type=bead.closed subject=sc-tn4ahf
2026-04-22T00:21:45Z serve idle-exit agent=enterprise/control-dispatcher
2026-04-22T00:21:45Z serve wake-event type=bead.closed subject=hq-dkoj
2026-04-22T00:21:47Z serve idle-exit agent=gascity/control-dispatcher
2026-04-22T00:21:47Z serve wake-event type=bead.closed subject=sc-3m2axj
2026-04-22T00:21:50Z serve idle-exit agent=control-dispatcher
2026-04-22T00:21:50Z serve wake-event type=bead.closed subject=sc-03c40f
2026-04-22T00:21:50Z serve idle-exit agent=enterprise/control-dispatcher
2026-04-22T00:21:50Z serve wake-event type=bead.closed subject=hq-pelo
2026-04-22T00:21:54Z serve idle-exit agent=gascity/control-dispatcher
2026-04-22T00:21:54Z serve wake-event type=bead.closed subject=sc-mknmq6
2026-04-22T00:21:55Z serve idle-exit agent=enterprise/control-dispatcher
2026-04-22T00:21:55Z serve wake-event type=bead.closed subject=hq-2g5
2026-04-22T00:21:56Z serve idle-exit agent=control-dispatcher
2026-04-22T00:21:56Z serve wake-event type=bead.closed subject=sc-0pshnp
2026-04-22T00:22:01Z serve idle-exit agent=gascity/control-dispatcher
2026-04-22T00:22:01Z serve wake-event type=bead.closed subject=sc-4m9bv3
2026-04-22T00:22:01Z serve idle-exit agent=enterprise/control-dispatcher
2026-04-22T00:22:01Z serve wake-event type=bead.closed subject=hq-1xiu
2026-04-22T00:22:01Z serve idle-exit agent=control-dispatcher
2026-04-22T00:22:01Z serve wake-event type=bead.closed subject=sc-xi7r0r
2026-04-22T00:22:07Z serve idle-exit agent=control-dispatcher
2026-04-22T00:22:07Z serve wake-event type=bead.closed subject=sc-0ohz79
2026-04-22T00:22:07Z serve idle-exit agent=enterprise/control-dispatcher
2026-04-22T00:22:07Z serve wake-event type=bead.closed subject=hq-76v6
2026-04-22T00:22:07Z serve idle-exit agent=gascity/control-dispatcher
2026-04-22T00:22:07Z serve wake-event type=bead.closed subject=sc-xpr1xn
2026-04-22T00:22:11Z serve idle-exit agent=enterprise/control-dispatcher
2026-04-22T00:22:11Z serve wake-event type=bead.updated subject=hq-pelo
2026-04-22T00:22:12Z serve idle-exit agent=gascity/control-dispatcher
2026-04-22T00:22:12Z serve wake-event type=bead.closed subject=sc-plctaz
2026-04-22T00:22:13Z serve idle-exit agent=enterprise/control-dispatcher
2026-04-22T00:22:13Z serve wake-event type=bead.updated subject=hq-76v6
2026-04-22T00:22:16Z serve idle-exit agent=gascity/control-dispatcher
2026-04-22T00:22:16Z serve wake-event type=bead.closed subject=sc-tc1du0
2026-04-22T00:22:17Z serve idle-exit agent=enterprise/control-dispatcher
2026-04-22T00:22:17Z serve ignore-event type=order.fired subject=cross-rig-deps
2026-04-22T00:22:17Z serve wake-event type=bead.created subject=hq-cadg
2026-04-22T00:22:19Z serve idle-exit agent=enterprise/control-dispatcher
2026-04-22T00:22:19Z serve wake-event type=bead.updated subject=hq-cadg
2026-04-22T00:22:20Z serve idle-exit agent=gascity/control-dispatcher
2026-04-22T00:22:20Z serve wake-event type=bead.closed subject=sc-msettp
2026-04-22T00:22:22Z serve idle-exit agent=enterprise/control-dispatcher
2026-04-22T00:22:22Z serve wake-event type=bead.updated subject=hq-cadg
2026-04-22T00:22:23Z serve idle-exit agent=gascity/control-dispatcher
2026-04-22T00:22:23Z serve wake-event type=bead.closed subject=sc-6vufkb
2026-04-22T00:22:25Z serve idle-exit agent=enterprise/control-dispatcher
2026-04-22T00:22:25Z serve wake-event type=bead.created subject=hq-zb82
2026-04-22T00:22:26Z serve idle-exit agent=control-dispatcher
2026-04-22T00:22:26Z serve wake-event type=bead.closed subject=sc-m3vaof
2026-04-22T00:22:30Z serve idle-exit agent=enterprise/control-dispatcher
2026-04-22T00:22:30Z serve wake-event type=bead.updated subject=hq-zb82
2026-04-22T00:22:30Z serve idle-exit agent=gascity/control-dispatcher
2026-04-22T00:22:30Z serve wake-event type=bead.closed subject=sc-x7nq2s
2026-04-22T00:22:33Z serve idle-exit agent=control-dispatcher
2026-04-22T00:22:33Z serve wake-event type=bead.closed subject=sc-h4jeir
2026-04-22T00:22:35Z serve idle-exit agent=enterprise/control-dispatcher
2026-04-22T00:22:35Z serve wake-event type=bead.updated subject=hq-zb82
2026-04-22T00:22:37Z serve idle-exit agent=gascity/control-dispatcher
2026-04-22T00:22:37Z serve wake-event type=bead.closed subject=sc-u67qf4
2026-04-22T00:22:38Z serve idle-exit agent=control-dispatcher
2026-04-22T00:22:38Z serve wake-event type=bead.closed subject=sc-y6oc2s
2026-04-22T00:22:42Z serve idle-exit agent=enterprise/control-dispatcher
2026-04-22T00:22:42Z serve wake-event type=bead.closed subject=hq-zb82
2026-04-22T00:22:44Z serve idle-exit agent=control-dispatcher
2026-04-22T00:22:44Z serve wake-event type=bead.closed subject=sc-8dlvfl
2026-04-22T00:22:44Z serve idle-exit agent=gascity/control-dispatcher
2026-04-22T00:22:44Z serve wake-event type=bead.closed subject=sc-q5uhbt
2026-04-22T00:22:47Z serve idle-exit agent=enterprise/control-dispatcher
2026-04-22T00:22:47Z serve ignore-event type=order.fired subject=orphan-sweep
2026-04-22T00:22:47Z serve wake-event type=bead.updated subject=hq-zb82
2026-04-22T00:22:50Z serve idle-exit agent=control-dispatcher
2026-04-22T00:22:50Z serve wake-event type=bead.closed subject=sc-m0q8di
2026-04-22T00:22:51Z serve idle-exit agent=gascity/control-dispatcher
2026-04-22T00:22:51Z serve wake-event type=bead.closed subject=sc-i8woxy
2026-04-22T00:22:53Z serve idle-exit agent=enterprise/control-dispatcher
2026-04-22T00:22:53Z serve wake-event type=bead.updated subject=hq-cadg
2026-04-22T00:22:56Z serve idle-exit agent=control-dispatcher
2026-04-22T00:22:56Z serve wake-event type=bead.closed subject=sc-7w4tfo
